\BOOKMARK [1][-]{section.1}{Introduction}{}% 1
\BOOKMARK [1][-]{section.2}{Requirements and functions implemented}{}% 2
\BOOKMARK [2][-]{subsection.2.1}{Core requirements and functions}{section.2}% 3
\BOOKMARK [2][-]{subsection.2.2}{Data4Help requirements and functions}{section.2}% 4
\BOOKMARK [2][-]{subsection.2.3}{AutomatedSOS}{section.2}% 5
\BOOKMARK [2][-]{subsection.2.4}{Non functional requirements}{section.2}% 6
\BOOKMARK [2][-]{subsection.2.5}{Other comments}{section.2}% 7
\BOOKMARK [1][-]{section.3}{Adopted development framework}{}% 8
\BOOKMARK [1][-]{section.4}{Structure of the source code}{}% 9
\BOOKMARK [2][-]{subsection.4.1}{Microservices}{section.4}% 10
\BOOKMARK [3][-]{subsubsection.4.1.1}{API Gateway}{subsection.4.1}% 11
\BOOKMARK [3][-]{subsubsection.4.1.2}{Service registry}{subsection.4.1}% 12
\BOOKMARK [3][-]{subsubsection.4.1.3}{Individual request service}{subsection.4.1}% 13
\BOOKMARK [3][-]{subsubsection.4.1.4}{Group request service}{subsection.4.1}% 14
\BOOKMARK [3][-]{subsubsection.4.1.5}{Share data service}{subsection.4.1}% 15
\BOOKMARK [2][-]{subsection.4.2}{Mobile code}{section.4}% 16
\BOOKMARK [3][-]{subsubsection.4.2.1}{Data4Help}{subsection.4.2}% 17
\BOOKMARK [3][-]{subsubsection.4.2.2}{AutomatedSOS}{subsection.4.2}% 18
\BOOKMARK [1][-]{section.5}{Testing}{}% 19
\BOOKMARK [2][-]{subsection.5.1}{Microservices}{section.5}% 20
\BOOKMARK [3][-]{subsubsection.5.1.1}{Tests of a single microservices}{subsection.5.1}% 21
\BOOKMARK [3][-]{subsubsection.5.1.2}{JMeter}{subsection.5.1}% 22
\BOOKMARK [2][-]{subsection.5.2}{Android application}{section.5}% 23
\BOOKMARK [1][-]{section.6}{Installation instruction}{}% 24
\BOOKMARK [2][-]{subsection.6.1}{Microservices}{section.6}% 25
\BOOKMARK [2][-]{subsection.6.2}{Android application}{section.6}% 26
